../../cesm-scripts/JRA_main.sh: /glade/u/home/ssfcst/JRA55-do/cesm-cases/case_202012
../../cesm-scripts/JRA_main.sh:
#trap '[[ $BASH_COMMAND != echo* ]] && $BASH_COMMAND' DEBUG
#-------------------------------------------------------------------------------
# LID=$(date +%y%m%d-%H%M%S)
# LOGFILE=$(pwd)/master.$YEAR.log.$LID


DATADIR=/glade/scratch/ssfcst/JRA55_data             # where input, output, & intermediate data is here
HOMEDIR=/glade/u/home/ssfcst//JRA55-do               # where the standard JRA55-do scripts are
SCRIPTDIR=/glade/u/home/ssfcst/JRA55-do/cesm-scripts # where the CESM wrapper scripts are

YEARs=2020    # start date: year 
MONTHs=1      # start date: month 
DAYs=1        # start date: day in month
ODAYs=1       # start date: ordinal day (day in year)

YEARe=2020    # end date: year -- ?  assume YEARs = YEARe
MONTHe=12     # end date: month 
DAYe=31       # end date: day in month
ODAYe=366     # end date: ordinal day
DATESTRe=2020-12-31 # end date: text string for netCDF file name

DATESTRc=20210107 # creation date: text string for netCDF file name

YEARp=2021    # end date: year -- ?  assume YEARs = YEARp
MONTHp=1      # day after end date: month
DAYp=1        # day after end date: day
ODAYp=1       # day after end date: ordinal day

COMPILE=FALSE   # TRUE => compile code
DOWNLOAD=FALSE  # download ftp data

DO_STEP0=FALSE
DO_STEP1=TRUE
DO_STEP2=TRUE
DO_STEP3=TRUE
DO_STEP4=TRUE
DO_STEP5=TRUE
DO_STEP6=TRUE
DO_STEP7=TRUE
DO_STEP8=TRUE 

#-------------------------------------------------------------------------------
#
#-------------------------------------------------------------------------------

LID=$(date +%y%m%d-%H%M%S)   # log ID / time-stamp
echo "${0}: Step 0  $LID"
../../cesm-scripts/JRA_main.sh: Step 0  210107-030630
if [ $DO_STEP0 == "TRUE" ] ; then
   echo "${0}: Step 0  execute..."
   touch $CASEDIR/do_step0.$LID
   sh $SCRIPTDIR/JRA_step0.sh $LID $CASEDIR  >& $CASEDIR/JRA_step0.log.$LID
else
   echo "${0}: Step 0  NOT executed"
fi
../../cesm-scripts/JRA_main.sh: Step 0  NOT executed

LID=$(date +%y%m%d-%H%M%S)   # log ID / time-stamp
echo "${0}: Step 1  $LID"
../../cesm-scripts/JRA_main.sh: Step 1  210107-030630
if [ $DO_STEP1 == "TRUE" ] ; then
   echo "${0}: Step 1  execute..."
   touch $CASEDIR/do_step1.$LID
   sh $SCRIPTDIR/JRA_step1.sh $LID $CASEDIR  >& $CASEDIR/JRA_step1.log.$LID
else
   echo "${0}: Step 1  NOT executed"
fi
../../cesm-scripts/JRA_main.sh: Step 1  execute...

LID=$(date +%y%m%d-%H%M%S)   # log ID / time-stamp
echo "${0}: Step 2  $LID"
../../cesm-scripts/JRA_main.sh: Step 2  210107-035112
if [ $DO_STEP2 == "TRUE" ] ; then
   echo "${0}: Step 2  execute..."
   touch $CASEDIR/do_step2.$LID
   sh $SCRIPTDIR/JRA_step2.sh $LID $CASEDIR  >& $CASEDIR/JRA_step2.log.$LID
else
   echo "${0}: Step 2  NOT executed"
fi
../../cesm-scripts/JRA_main.sh: Step 2  execute...

LID=$(date +%y%m%d-%H%M%S)   # log ID / time-stamp
echo "${0}: Step 3  $LID"
../../cesm-scripts/JRA_main.sh: Step 3  210107-035413
if [ $DO_STEP3 == "TRUE" ] ; then
   echo "${0}: Step 3  execute..."
   touch $CASEDIR/do_step3.$LID
   sh $SCRIPTDIR/JRA_step3.sh $LID $CASEDIR  >& $CASEDIR/JRA_step3.log.$LID
else
   echo "${0}: Step 3  NOT executed"
fi
../../cesm-scripts/JRA_main.sh: Step 3  execute...
